app/build/outputs/logs/manifest-merger-debug-report.txt
-- Merging decision tree log ---
manifest
ADDED from src/main/AndroidManifest.xml:2:1-62:12
	xmlns:android
		ADDED from src/main/AndroidManifest.xml:2:11-69
	package
		ADDED from src/main/AndroidManifest.xml:3:5-44
		INJECTED from src/main/AndroidManifest.xml
		INJECTED from src/main/AndroidManifest.xml
	android:versionName
		ADDED from src/main/AndroidManifest.xml:6:5-30
		INJECTED from src/main/AndroidManifest.xml
		INJECTED from src/main/AndroidManifest.xml
	android:versionCode
		ADDED from src/main/AndroidManifest.xml:5:5-28
		INJECTED from src/main/AndroidManifest.xml
		INJECTED from src/main/AndroidManifest.xml
	android:installLocation
		ADDED from src/main/AndroidManifest.xml:4:5-45
uses-feature#android.software.leanback
ADDED from src/main/AndroidManifest.xml:8:5-10:36
	android:required
		ADDED from src/main/AndroidManifest.xml:10:9-33
	android:name
		ADDED from src/main/AndroidManifest.xml:9:9-49
supports-screens
ADDED from src/main/AndroidManifest.xml:11:5-16:40
	android:largeScreens
		ADDED from src/main/AndroidManifest.xml:13:9-36
	android:anyDensity
		ADDED from src/main/AndroidManifest.xml:12:9-34
	android:normalScreens
		ADDED from src/main/AndroidManifest.xml:14:9-37
	android:xlargeScreens
		ADDED from src/main/AndroidManifest.xml:16:9-37
	android:smallScreens
		ADDED from src/main/AndroidManifest.xml:15:9-36
application
ADDED from src/main/AndroidManifest.xml:17:5-39:19
	android:label
		ADDED from src/main/AndroidManifest.xml:21:9-41
	android:icon
		ADDED from src/main/AndroidManifest.xml:19:9-42
	android:theme
		ADDED from src/main/AndroidManifest.xml:22:9-50
	android:isGame
		ADDED from src/main/AndroidManifest.xml:20:9-30
	android:banner
		ADDED from src/main/AndroidManifest.xml:18:9-46
activity#lighterletter.simpleUnityTest.UnityPlayerActivity
ADDED from src/main/AndroidManifest.xml:23:9-38:20
	android:screenOrientation
		ADDED from src/main/AndroidManifest.xml:28:13-51
	android:label
		ADDED from src/main/AndroidManifest.xml:26:13-45
	android:configChanges
		ADDED from src/main/AndroidManifest.xml:25:13-170
	android:name
		ADDED from src/main/AndroidManifest.xml:24:13-77
	android:launchMode
		ADDED from src/main/AndroidManifest.xml:27:13-44
intent-filter#android.intent.action.MAIN+android.intent.category.LAUNCHER+android.intent.category.LEANBACK_LAUNCHER
ADDED from src/main/AndroidManifest.xml:29:13-34:29
action#android.intent.action.MAIN
ADDED from src/main/AndroidManifest.xml:30:17-69
	android:name
		ADDED from src/main/AndroidManifest.xml:30:25-66
category#android.intent.category.LAUNCHER
ADDED from src/main/AndroidManifest.xml:32:17-77
	android:name
		ADDED from src/main/AndroidManifest.xml:32:27-74
category#android.intent.category.LEANBACK_LAUNCHER
ADDED from src/main/AndroidManifest.xml:33:17-86
	android:name
		ADDED from src/main/AndroidManifest.xml:33:27-83
meta-data#unityplayer.UnityActivity
ADDED from src/main/AndroidManifest.xml:35:13-37:40
	android:name
		ADDED from src/main/AndroidManifest.xml:36:17-57
	android:value
		ADDED from src/main/AndroidManifest.xml:37:17-37
uses-sdk
ADDED from src/main/AndroidManifest.xml:40:5-42:41
	android:targetSdkVersion
		ADDED from src/main/AndroidManifest.xml:42:9-38
		INJECTED from src/main/AndroidManifest.xml
		INJECTED from src/main/AndroidManifest.xml
	android:minSdkVersion
		ADDED from src/main/AndroidManifest.xml:41:9-35
		INJECTED from src/main/AndroidManifest.xml
		INJECTED from src/main/AndroidManifest.xml
uses-feature#0x00020000
ADDED from src/main/AndroidManifest.xml:43:5-54
	android:glEsVersion
		ADDED from src/main/AndroidManifest.xml:43:19-51
uses-permission#android.permission.INTERNET
ADDED from src/main/AndroidManifest.xml:45:5-67
	android:name
		ADDED from src/main/AndroidManifest.xml:45:22-64
uses-permission#android.permission.WRITE_EXTERNAL_STORAGE
ADDED from src/main/AndroidManifest.xml:46:5-48:38
	android:maxSdkVersion
		ADDED from src/main/AndroidManifest.xml:48:9-35
	android:name
		ADDED from src/main/AndroidManifest.xml:47:9-65
uses-feature#android.hardware.sensor.accelerometer
ADDED from src/main/AndroidManifest.xml:50:5-52:36
	android:required
		ADDED from src/main/AndroidManifest.xml:52:9-33
	android:name
		ADDED from src/main/AndroidManifest.xml:51:9-61
uses-feature#android.hardware.touchscreen
ADDED from src/main/AndroidManifest.xml:53:5-55:36
	android:required
		ADDED from src/main/AndroidManifest.xml:55:9-33
	android:name
		ADDED from src/main/AndroidManifest.xml:54:9-52
uses-feature#android.hardware.touchscreen.multitouch
ADDED from src/main/AndroidManifest.xml:56:5-58:36
	android:required
		ADDED from src/main/AndroidManifest.xml:58:9-33
	android:name
		ADDED from src/main/AndroidManifest.xml:57:9-63
uses-feature#android.hardware.touchscreen.multitouch.distinct
ADDED from src/main/AndroidManifest.xml:59:5-61:36
	android:required
		ADDED from src/main/AndroidManifest.xml:61:9-33
	android:name
		ADDED from src/main/AndroidManifest.xml:60:9-72